Info: Generated random seed: 692618595649355994
Info: constrained 'led_red' to bel 'X6/Y31/io0'
Info: constrained 'led_green' to bel 'X4/Y31/io0'
Info: constrained 'led_blue' to bel 'X5/Y31/io0'
Info: constrained 'serial_txd' to bel 'X23/Y0/io0'
Info: constrained 'serial_rxd' to bel 'X24/Y0/io0'
Info: constrained 'spi_cs' to bel 'X24/Y0/io1'
Info: constrained 'gpio_23' to bel 'X19/Y31/io0'
Info: constrained 'gpio_25' to bel 'X19/Y31/io1'
Info: constrained 'gpio_26' to bel 'X18/Y31/io0'
Info: constrained 'gpio_27' to bel 'X18/Y31/io1'
Info: constrained 'gpio_32' to bel 'X16/Y31/io0'
Info: constrained 'gpio_35' to bel 'X12/Y31/io1'
Info: constrained 'gpio_31' to bel 'X16/Y31/io1'
Info: constrained 'gpio_37' to bel 'X13/Y31/io0'
Info: constrained 'gpio_34' to bel 'X13/Y31/io1'
Info: constrained 'gpio_43' to bel 'X9/Y31/io0'
Info: constrained 'gpio_36' to bel 'X9/Y31/io1'
Info: constrained 'gpio_42' to bel 'X8/Y31/io0'
Info: constrained 'gpio_38' to bel 'X8/Y31/io1'
Info: constrained 'gpio_28' to bel 'X17/Y31/io0'
Info: constrained 'gpio_20' to bel 'X19/Y0/io1'
Info: constrained 'gpio_10' to bel 'X16/Y0/io0'
Info: constraining clock net 'gpio_20' to 12.00 MHz
Info: constrained 'gpio_12' to bel 'X18/Y0/io0'
Info: constrained 'gpio_21' to bel 'X18/Y0/io1'
Info: constrained 'gpio_13' to bel 'X19/Y0/io0'
Info: constrained 'gpio_19' to bel 'X21/Y0/io1'
Info: constrained 'gpio_18' to bel 'X22/Y0/io1'
Info: constrained 'gpio_11' to bel 'X17/Y0/io0'
Info: constrained 'gpio_9' to bel 'X15/Y0/io0'
Info: constrained 'gpio_6' to bel 'X13/Y0/io1'
Info: constrained 'gpio_44' to bel 'X6/Y0/io1'
Info: constrained 'gpio_4' to bel 'X9/Y0/io0'
Info: constrained 'gpio_3' to bel 'X9/Y0/io1'
Info: constrained 'gpio_48' to bel 'X7/Y0/io0'
Info: constrained 'gpio_45' to bel 'X7/Y0/io1'
Info: constrained 'gpio_47' to bel 'X6/Y0/io0'
Info: constrained 'gpio_46' to bel 'X5/Y0/io0'
Info: constrained 'gpio_2' to bel 'X8/Y0/io0'

Info: Packing constants..
Info: Packing IOs..
Info: gpio_21 feeds SB_IO dv_signals_sbio[13], removing $nextpnr_obuf gpio_21.
Info: gpio_2 feeds SB_IO dv_clk_sbio, removing $nextpnr_obuf gpio_2.
Info: gpio_19 feeds SB_IO dv_signals_sbio[7], removing $nextpnr_obuf gpio_19.
Info: gpio_18 feeds SB_IO dv_signals_sbio[3], removing $nextpnr_obuf gpio_18.
Info: gpio_13 feeds SB_IO dv_signals_sbio[11], removing $nextpnr_obuf gpio_13.
Info: gpio_12 feeds SB_IO dv_signals_sbio[12], removing $nextpnr_obuf gpio_12.
Info: gpio_11 feeds SB_IO dv_signals_sbio[10], removing $nextpnr_obuf gpio_11.
Info: gpio_38 feeds SB_IO bus_tristate[6], removing $nextpnr_iobuf gpio_38.
Info: gpio_37 feeds SB_IO bus_tristate[1], removing $nextpnr_iobuf gpio_37.
Info: gpio_36 feeds SB_IO bus_tristate[4], removing $nextpnr_iobuf gpio_36.
Info: gpio_34 feeds SB_IO bus_tristate[2], removing $nextpnr_iobuf gpio_34.
Info: gpio_31 feeds SB_IO bus_tristate[0], removing $nextpnr_iobuf gpio_31.
Info: gpio_28 feeds SB_IO bus_tristate[7], removing $nextpnr_iobuf gpio_28.
Info: gpio_43 feeds SB_IO bus_tristate[3], removing $nextpnr_iobuf gpio_43.
Info: gpio_42 feeds SB_IO bus_tristate[5], removing $nextpnr_iobuf gpio_42.
Info: gpio_9 feeds SB_IO dv_signals_sbio[6], removing $nextpnr_obuf gpio_9.
Info: gpio_6 feeds SB_IO dv_signals_sbio[2], removing $nextpnr_obuf gpio_6.
Info: gpio_48 feeds SB_IO dv_signals_sbio[8], removing $nextpnr_obuf gpio_48.
Info: gpio_47 feeds SB_IO dv_signals_sbio[0], removing $nextpnr_obuf gpio_47.
Info: gpio_46 feeds SB_IO dv_signals_sbio[14], removing $nextpnr_obuf gpio_46.
Info: gpio_45 feeds SB_IO dv_signals_sbio[4], removing $nextpnr_obuf gpio_45.
Info: gpio_44 feeds SB_IO dv_signals_sbio[9], removing $nextpnr_obuf gpio_44.
Info: gpio_4 feeds SB_IO dv_signals_sbio[5], removing $nextpnr_obuf gpio_4.
Info: gpio_3 feeds SB_IO dv_signals_sbio[1], removing $nextpnr_obuf gpio_3.
Info: Packing LUT-FFs..
Info:     2444 LCs used as LUT4 only
Info:     1260 LCs used as LUT4 and DFF
Info: Packing non-LUT FFs..
Info:     1086 LCs used as DFF only
Info: Packing carries..
Info:       78 LCs used as CARRY only
Info: Packing indirect carry+LUT pairs...
Info:       57 LUTs merged into carry LCs
Info: Packing RAMs..
Info: Placing PLLs..
Info:   constrained PLL 'pll_inst' to X12/Y31/pll_3
Info: Packing special functions..
Info: Packing PLLs..
Info:     Input frequency of PLL 'pll_inst' is constrained to 12.0 MHz
Info:     VCO frequency of PLL 'pll_inst' is constrained to 540.2 MHz
Info:     Derived frequency constraint of 33.8 MHz for net pclk
Info:   PLL 'pll_inst' has LOCK output, need to pass all outputs via LUT
Info:   constrained 'pll_lock_SB_LUT4_I3_LC' to X1/Y30/lc0
Info: Promoting globals..
Info: promoting bus_data_out_r_SB_DFF_Q_7_D_SB_LUT4_O_I0_SB_LUT4_O_2_I1[0] [reset] (fanout 1990)
Info: promoting $PACKER_VCC_NET [logic] (fanout 267)
Info: promoting xosera_main.video_gen.pa_bpp[1] [logic] (fanout 111)
Info: promoting xosera_main.video_gen.pb_bpp[1] [logic] (fanout 108)
Info: promoting xosera_main.video_gen.pa_bpp[0] [logic] (fanout 107)
Info: promoting xosera_main.copper.cop_RA_SB_DFFESR_Q_D_SB_LUT4_O_I3_SB_LUT4_O_I3_SB_CARRY_CI_CO_SB_LUT4_I3_O[0] [reset] (fanout 91)
Info: promoting xosera_main.blit_vram_sel_SB_LUT4_I2_O_SB_LUT4_I3_1_O[2] [cen] (fanout 101)
Info: Constraining chains...
Info:       53 LCs used to legalise carry chains.
Info: Checksum: 0xa7f95c29

Info: Device utilisation:
Info: 	         ICESTORM_LC:    4867/   5280    92%
Info: 	        ICESTORM_RAM:      30/     30   100%
Info: 	               SB_IO:      38/     96    39%
Info: 	               SB_GB:       8/      8   100%
Info: 	        ICESTORM_PLL:       1/      1   100%
Info: 	         SB_WARMBOOT:       1/      1   100%
Info: 	        ICESTORM_DSP:       8/      8   100%
Info: 	      ICESTORM_HFOSC:       0/      1     0%
Info: 	      ICESTORM_LFOSC:       0/      1     0%
Info: 	              SB_I2C:       0/      2     0%
Info: 	              SB_SPI:       0/      2     0%
Info: 	              IO_I3C:       0/      2     0%
Info: 	         SB_LEDDA_IP:       0/      1     0%
Info: 	         SB_RGBA_DRV:       0/      1     0%
Info: 	      ICESTORM_SPRAM:       4/      4   100%

Info: Placed 41 cells based on constraints.
Info: Creating initial analytic placement for 4364 cells, random placement wirelen = 122379.
Info:     at initial placer iter 0, wirelen = 1564
Info:     at initial placer iter 1, wirelen = 1385
Info:     at initial placer iter 2, wirelen = 1375
Info:     at initial placer iter 3, wirelen = 1304
Info: Running main analytical placer, max placement attempts per cell = 3071481.
Info:     at iteration #1, type ALL: wirelen solved = 1364, spread = 48777, legal = 69338; time = 629.18s
Info:     at iteration #2, type ALL: wirelen solved = 2178, spread = 39952, legal = 59208; time = 16.79s
Info:     at iteration #3, type ALL: wirelen solved = 3150, spread = 33290, legal = 53717; time = 5.28s
Info:     at iteration #4, type ALL: wirelen solved = 5341, spread = 31026, legal = 52970; time = 3.68s
Info:     at iteration #5, type ALL: wirelen solved = 6495, spread = 30272, legal = 50973; time = 5.15s
Info:     at iteration #6, type ALL: wirelen solved = 7619, spread = 29377, legal = 51889; time = 6.66s
Info:     at iteration #7, type ALL: wirelen solved = 7688, spread = 29207, legal = 51556; time = 7.47s
Info:     at iteration #8, type ALL: wirelen solved = 8578, spread = 28585, legal = 51858; time = 4.20s
Info:     at iteration #9, type ALL: wirelen solved = 9546, spread = 28249, legal = 50582; time = 3.33s
Info:     at iteration #10, type ALL: wirelen solved = 9922, spread = 27591, legal = 51186; time = 3.80s
Info:     at iteration #11, type ALL: wirelen solved = 10419, spread = 27681, legal = 49372; time = 4.14s
Info:     at iteration #12, type ALL: wirelen solved = 11208, spread = 27236, legal = 49041; time = 3.57s
Info:     at iteration #13, type ALL: wirelen solved = 11720, spread = 26849, legal = 48659; time = 3.24s
Info:     at iteration #14, type ALL: wirelen solved = 11865, spread = 26805, legal = 48147; time = 3.02s
Info:     at iteration #15, type ALL: wirelen solved = 12504, spread = 26844, legal = 47044; time = 2.84s
Info:     at iteration #16, type ALL: wirelen solved = 12856, spread = 27093, legal = 48964; time = 3.12s
Info:     at iteration #17, type ALL: wirelen solved = 12761, spread = 27066, legal = 45244; time = 2.41s
Info:     at iteration #18, type ALL: wirelen solved = 13485, spread = 26816, legal = 51505; time = 4.82s
Info:     at iteration #19, type ALL: wirelen solved = 13546, spread = 26616, legal = 47682; time = 2.95s
Info:     at iteration #20, type ALL: wirelen solved = 13977, spread = 27256, legal = 47359; time = 2.93s
Info:     at iteration #21, type ALL: wirelen solved = 14217, spread = 26631, legal = 47351; time = 2.66s
Info:     at iteration #22, type ALL: wirelen solved = 14545, spread = 26592, legal = 52661; time = 6.25s
Info: HeAP Placer Time: 735.12s
Info:   of which solving equations: 18.85s
Info:   of which spreading cells: 2.12s
Info:   of which strict legalisation: 707.01s

Info: Running simulated annealing placer for refinement.
Info:   at iteration #1: temp = 0.000000, timing cost = 1154, wirelen = 45244
Info:   at iteration #5: temp = 0.000000, timing cost = 2406, wirelen = 36370
Info:   at iteration #10: temp = 0.000000, timing cost = 2291, wirelen = 34343
Info:   at iteration #15: temp = 0.000000, timing cost = 2117, wirelen = 33145
Info:   at iteration #20: temp = 0.000000, timing cost = 1997, wirelen = 32189
Info:   at iteration #25: temp = 0.000000, timing cost = 1974, wirelen = 31927
Info:   at iteration #30: temp = 0.000000, timing cost = 1948, wirelen = 31808
Info:   at iteration #32: temp = 0.000000, timing cost = 1917, wirelen = 31782 
Info: SA placement time 69.86s

Info: Max frequency for clock 'pclk': 34.43 MHz (PASS at 33.77 MHz)

Info: Max delay <async>      -> <async>     : 7.94 ns
Info: Max delay <async>      -> posedge pclk: 4.93 ns
Info: Max delay posedge pclk -> <async>     : 9.39 ns

Info: Slack histogram:
Info:  legend: * represents 16 endpoint(s)
Info:          + represents [1,16) endpoint(s)
Info: [   571,   1868) |+
Info: [  1868,   3165) |***+
Info: [  3165,   4462) |******+
Info: [  4462,   5759) |*******+
Info: [  5759,   7056) |******+
Info: [  7056,   8353) |*************+
Info: [  8353,   9650) |*******************************+
Info: [  9650,  10947) |***************************************************+
Info: [ 10947,  12244) |********************************************+
Info: [ 12244,  13541) |*********************************************+
Info: [ 13541,  14838) |***********************************************************+
Info: [ 14838,  16135) |****************************************************+
Info: [ 16135,  17432) |******************************************+
Info: [ 17432,  18729) |**************************************+
Info: [ 18729,  20026) |***************************************+
Info: [ 20026,  21323) |******************************+
Info: [ 21323,  22620) |********************+
Info: [ 22620,  23917) |***********************************+
Info: [ 23917,  25214) |************************************************************ 
Info: [ 25214,  26511) |*************************+
Info: Checksum: 0xf7c481aa
Info: Running timing-driven placement optimisation...
Info:    Iteration 0...
Info:    Iteration 1...
Info:    Iteration 2...
Info:    Iteration 3...
Info:    Iteration 4...
Info:    Iteration 5...
Info:    Iteration 6...
Info:    Iteration 7...
Info:    Iteration 8...
Info:    Iteration 9...
Info:    Iteration 10...
Info:    Iteration 11...
Info:    Iteration 12...
Info:    Iteration 13...
Info:    Iteration 14...
Info:    Iteration 15...
Info:    Iteration 16...
Info:    Iteration 17...
Info:    Iteration 18...
Info:    Iteration 19...
Info:    Iteration 20...
Info:    Iteration 21...
Info:    Iteration 22...
Info:    Iteration 23...
Info:    Iteration 24...
Info:    Iteration 25...
Info:    Iteration 26...
Info:    Iteration 27...
Info:    Iteration 28...
Info:    Iteration 29...

Info: Routing..
Info: Setting up routing queue.
Info: Routing 16587 arcs.
Info:            |   (re-)routed arcs  |   delta    | remaining|       time spent     |
Info:    IterCnt |  w/ripup   wo/ripup |  w/r  wo/r |      arcs| batch(sec) total(sec)|
Info:       1000 |      130        869 |  130   869 |     15758|      16.79      16.79|
Info:       2000 |      215       1784 |   85   915 |     14889|       7.45      24.24|
Info:       3000 |      370       2629 |  155   845 |     14128|       6.81      31.05|
Info:       4000 |      595       3404 |  225   775 |     13520|       7.04      38.09|
Info:       5000 |      941       4058 |  346   654 |     13039|       9.06      47.16|
Info:       6000 |     1242       4757 |  301   699 |     12675|       6.72      53.87|
Info:       7000 |     1611       5388 |  369   631 |     12291|       5.81      59.68|
Info:       8000 |     1987       6012 |  376   624 |     11946|       5.88      65.56|
Info:       9000 |     2406       6593 |  419   581 |     11674|       6.87      72.43|
Info:      10000 |     2867       7132 |  461   539 |     11441|       8.24      80.67|
Info:      11000 |     3321       7678 |  454   546 |     11197|       7.06      87.74|
Info:      12000 |     3791       8208 |  470   530 |     11060|       6.89      94.63|
Info:      13000 |     4255       8744 |  464   536 |     10882|       6.90     101.53|
Info:      14000 |     4695       9304 |  440   560 |     10629|       5.87     107.40|
Info:      15000 |     5248       9751 |  553   447 |     10544|       6.08     113.48|
Info:      16000 |     5767      10232 |  519   481 |     10422|       7.28     120.75|
Info:      17000 |     6266      10733 |  499   501 |     10161|       5.55     126.30|
Info:      18000 |     6787      11212 |  521   479 |     10067|       6.51     132.81|
Info:      19000 |     7262      11737 |  475   525 |      9872|       5.25     138.06|
Info:      20000 |     7779      12220 |  517   483 |      9750|       6.08     144.14|
Info:      21000 |     8257      12742 |  478   522 |      9550|       5.39     149.53|
Info:      22000 |     8876      13123 |  619   381 |      9497|       6.83     156.36|
Info:      23000 |     9437      13562 |  561   439 |      9409|       6.00     162.37|
Info:      24000 |     9960      14019 |  523   457 |      9201|       6.19     168.56|
Info:      25000 |    10526      14453 |  566   434 |      9146|       7.54     176.10|
Info:      26000 |    11057      14922 |  531   469 |      8963|       6.14     182.24|
Info:      27000 |    11565      15403 |  508   481 |      8801|       5.00     187.24|
Info:      28000 |    12116      15852 |  551   449 |      8790|       6.91     194.16|
Info:      29000 |    12717      16251 |  601   399 |      8739|       6.83     200.99|
Info:      30000 |    13239      16729 |  522   478 |      8596|       5.14     206.13|
Info:      31000 |    13791      17177 |  552   448 |      8527|       6.74     212.87|
Info:      32000 |    14331      17628 |  540   451 |      8403|       6.65     219.52|
Info:      33000 |    14812      18132 |  481   504 |      8246|       6.00     225.52|
Info:      34000 |    15333      18611 |  521   479 |      8093|       4.96     230.48|
Info:      35000 |    15866      19078 |  533   467 |      7987|       6.66     237.15|
Info:      36000 |    16475      19456 |  609   378 |      7955|       5.91     243.05|
Info:      37000 |    17063      19868 |  588   412 |      7945|       7.48     250.53|
Info:      38000 |    17638      20293 |  575   425 |      7841|       7.50     258.03|
Info:      39000 |    18139      20779 |  501   486 |      7689|       6.65     264.68|
Info:      40000 |    18693      21223 |  554   444 |      7645|       6.29     270.98|
Info:      41000 |    19253      21646 |  560   423 |      7508|       7.83     278.80|
Info:      42000 |    19831      22068 |  578   422 |      7439|       6.01     284.81|
Info:      43000 |    20401      22498 |  570   430 |      7433|       7.29     292.10|
Info:      44000 |    20946      22953 |  545   455 |      7308|       5.33     297.43|
Info:      45000 |    21492      23387 |  546   434 |      7163|       6.32     303.75|
Info:      46000 |    22118      23761 |  626   374 |      7133|       5.83     309.58|
Info:      47000 |    22678      24187 |  560   426 |      7007|       5.90     315.48|
Info:      48000 |    23192      24672 |  514   485 |      6941|       6.44     321.91|
Info:      49000 |    23754      25107 |  562   435 |      6839|       5.84     327.75|
Info:      50000 |    24348      25513 |  594   406 |      6816|       6.04     333.80|
Info:      51000 |    24884      25976 |  536   463 |      6696|       6.08     339.88|
Info:      52000 |    25453      26407 |  569   431 |      6577|       5.08     344.96|
Info:      53000 |    26107      26753 |  654   346 |      6583|       9.14     354.10|
Info:      54000 |    26701      27159 |  594   406 |      6531|       6.69     360.79|
Info:      55000 |    27309      27551 |  608   392 |      6498|       5.79     366.58|
Info:      56000 |    27912      27948 |  603   397 |      6480|       7.12     373.69|
Info:      57000 |    28539      28309 |  627   361 |      6429|       5.12     378.82|
Info:      58000 |    29138      28710 |  599   401 |      6321|       4.57     383.39|
Info:      59000 |    29745      29086 |  607   376 |      6208|       4.88     388.27|
Info:      60000 |    30392      29439 |  647   353 |      6132|       5.63     393.91|
Info:      61000 |    30975      29843 |  583   404 |      6038|       4.75     398.66|
Info:      62000 |    31558      30256 |  583   413 |      5998|       5.61     404.27|
Info:      63000 |    32107      30707 |  549   451 |      5856|       4.66     408.93|
Info:      64000 |    32763      31051 |  656   344 |      5836|       4.83     413.76|
Info:      65000 |    33382      31432 |  619   381 |      5774|       4.80     418.55|
Info:      66000 |    33950      31863 |  568   431 |      5636|       4.18     422.74|
Info:      67000 |    34548      32265 |  598   402 |      5559|       4.91     427.65|
Info:      68000 |    35199      32614 |  651   349 |      5527|       5.45     433.10|
Info:      69000 |    35814      32999 |  615   385 |      5459|       6.18     439.28|
Info:      70000 |    36439      33374 |  625   375 |      5390|       4.90     444.18|
Info:      71000 |    37014      33787 |  575   413 |      5285|       4.71     448.89|
Info:      72000 |    37684      34117 |  670   330 |      5260|       5.58     454.47|
Info:      73000 |    38218      34583 |  534   466 |      5156|       5.29     459.76|
Info:      74000 |    38864      34937 |  646   354 |      5104|       7.76     467.52|
Info:      75000 |    39464      35336 |  600   399 |      5072|       4.55     472.07|
Info:      76000 |    40116      35684 |  652   348 |      5034|       5.65     477.72|
Info:      77000 |    40786      36014 |  670   330 |      4999|       5.57     483.30|
Info:      78000 |    41409      36379 |  623   365 |      4950|       4.32     487.61|
Info:      79000 |    42058      36721 |  649   342 |      4844|       6.78     494.40|
Info:      80000 |    42745      37034 |  687   313 |      4816|       4.93     499.32|
Info:      81000 |    43265      37464 |  520   430 |      4626|       4.22     503.54|
Info:      82000 |    43870      37846 |  605   382 |      4554|       4.19     507.73|
Info:      83000 |    44472      38228 |  602   382 |      4436|       5.23     512.96|
Info:      84000 |    45059      38641 |  587   413 |      4360|       4.88     517.84|
Info:      85000 |    45682      39018 |  623   377 |      4345|       5.77     523.61|
Info:      86000 |    46322      39378 |  640   360 |      4329|       4.82     528.43|
Info:      87000 |    46922      39746 |  600   368 |      4246|       3.21     531.64|
Info:      88000 |    47535      40126 |  613   380 |      4176|       4.06     535.70|
Info:      89000 |    48203      40457 |  668   331 |      4118|       5.50     541.20|
Info:      90000 |    48841      40815 |  638   358 |      4009|       4.65     545.85|
Info:      91000 |    49468      41188 |  627   373 |      3927|       4.88     550.73|
Info:      92000 |    50072      41575 |  604   387 |      3779|       4.36     555.09|
Info:      93000 |    50703      41944 |  631   369 |      3779|       5.01     560.10|
Info:      94000 |    51302      42345 |  599   401 |      3753|       5.22     565.32|
Info:      95000 |    51917      42730 |  615   385 |      3771|       4.18     569.50|
Info:      96000 |    52455      43191 |  538   461 |      3636|       3.94     573.43|
Info:      97000 |    53021      43611 |  566   420 |      3512|       3.42     576.86|
Info:      98000 |    53630      44002 |  609   391 |      3442|       3.81     580.67|
Info:      99000 |    54247      44378 |  617   376 |      3341|       4.32     584.99|
Info:     100000 |    54856      44769 |  609   391 |      3345|       4.41     589.39|
Info:     101000 |    55482      45143 |  626   374 |      3321|       4.02     593.42|
Info:     102000 |    56081      45530 |  599   387 |      3263|       3.71     597.12|
Info:     103000 |    56738      45873 |  657   343 |      3188|       3.65     600.77|
Info:     104000 |    57453      46158 |  715   285 |      3180|       4.17     604.94|
Info:     105000 |    58092      46518 |  639   360 |      3121|       7.07     612.01|
Info:     106000 |    58629      46970 |  537   452 |      2970|       3.58     615.60|
Info:     107000 |    59250      47349 |  621   379 |      2930|       3.40     619.00|
Info:     108000 |    59900      47699 |  650   350 |      2871|       4.09     623.09|
Info:     109000 |    60500      48097 |  600   398 |      2781|       3.15     626.24|
Info:     110000 |    61108      48489 |  608   392 |      2723|       4.75     630.99|
Info:     111000 |    61768      48829 |  660   340 |      2709|       5.05     636.04|
Info:     112000 |    62443      49154 |  675   325 |      2693|       4.16     640.20|
Info:     113000 |    63099      49498 |  656   344 |      2690|       4.75     644.95|
Info:     114000 |    63786      49811 |  687   313 |      2672|       4.45     649.40|
Info:     115000 |    64453      50144 |  667   333 |      2632|       3.70     653.10|
Info:     116000 |    65031      50565 |  578   421 |      2536|       2.88     655.98|
Info:     117000 |    65712      50884 |  681   319 |      2561|       5.13     661.11|
Info:     118000 |    66391      51205 |  679   321 |      2518|       3.94     665.05|
Info:     119000 |    67021      51575 |  630   370 |      2480|       3.70     668.74|
Info:     120000 |    67711      51885 |  690   310 |      2483|       4.06     672.81|
Info:     121000 |    68344      52252 |  633   367 |      2474|       4.32     677.13|
Info:     122000 |    69021      52575 |  677   323 |      2468|       4.10     681.23|
Info:     123000 |    69606      52967 |  585   392 |      2320|       2.90     684.13|
Info:     124000 |    70276      53297 |  670   330 |      2257|       3.55     687.68|
Info:     125000 |    70851      53712 |  575   415 |      2153|       2.63     690.31|
Info:     126000 |    71473      54088 |  622   376 |      2035|       2.39     692.70|
Info:     127000 |    72134      54427 |  661   339 |      2029|       3.72     696.42|
Info:     128000 |    72800      54761 |  666   334 |      2011|       3.90     700.32|
Info:     129000 |    73473      55088 |  673   327 |      1945|       3.19     703.51|
Info:     130000 |    74137      55424 |  664   336 |      1955|       3.97     707.48|
Info:     131000 |    74830      55731 |  693   307 |      1920|       3.89     711.37|
Info:     132000 |    75410      56150 |  580   419 |      1812|       2.16     713.53|
Info:     133000 |    75983      56577 |  573   427 |      1705|       2.95     716.48|
Info:     134000 |    76689      56871 |  706   294 |      1717|       4.10     720.58|
Info:     135000 |    77322      57231 |  633   360 |      1544|       1.87     722.45|
Info:     136000 |    77891      57651 |  569   420 |      1307|       2.21     724.66|
Info:     137000 |    78520      58022 |  629   371 |      1087|       2.04     726.70|
Info:     138000 |    79148      58394 |  628   372 |       979|       2.49     729.19|
Info:     139000 |    79470      59072 |  322   678 |       504|       2.99     732.19|
Info:     140000 |    79935      59607 |  465   535 |       219|       3.74     735.93|
Info:     141000 |    80538      60004 |  603   397 |       109|       3.41     739.34|
Info:     141659 |    80906      60296 |  368   292 |         0|       2.78     742.12|
Info: Routing complete.
Info: Router1 time 742.12s
Info: Checksum: 0x02a903c7

Info: Critical path report for clock 'pclk' (posedge -> posedge):
Info:       type curr  total name
Info:   clk-skew  0.93  0.93 Net pclk (2,18) -> (25,0)
Info:                          Sink xosera_main.vram_arb.vram.umem3_RAM.CLOCK
Info:                          Defined in:
Info:                               ./tilemem.sv:37.37-37.43
Info:   clk-to-q  1.39  2.32 Source xosera_main.blitter.val_S_SB_DFFESR_Q_3_D_SB_LUT4_O_LC.O
Info:    routing  1.76  4.08 Net xosera_main.blitter.val_S[12] (2,18) -> (3,17)
Info:                          Sink xosera_main.blitter.blit_ctrl_transp_SB_LUT4_I0_3_I2_SB_LUT4_O_I0_SB_LUT4_O_LC.I1
Info:                          Defined in:
Info:                               ./blitter_slim.sv:154.17-154.22
Info:      logic  1.23  5.31 Source xosera_main.blitter.blit_ctrl_transp_SB_LUT4_I0_3_I2_SB_LUT4_O_I0_SB_LUT4_O_LC.O
Info:    routing  2.95  8.26 Net xosera_main.blitter.blit_ctrl_transp_SB_LUT4_I0_3_I2_SB_LUT4_O_I0[0] (3,17) -> (5,16)
Info:                          Sink xosera_main.blitter.blit_ctrl_transp_SB_LUT4_I0_3_I2_SB_LUT4_O_LC.I0
Info:                          Defined in:
Info:                               /Users/kenj/Dev/oss-cad-suite/libexec/../share/yosys/ice40/cells_map.v:6.21-6.22
Info:      logic  1.28  9.55 Source xosera_main.blitter.blit_ctrl_transp_SB_LUT4_I0_3_I2_SB_LUT4_O_LC.O
Info:    routing  2.95  12.50 Net xosera_main.blitter.blit_ctrl_transp_SB_LUT4_I0_3_I2[2] (5,16) -> (3,17)
Info:                          Sink xosera_main.blitter.blit_ctrl_transp_SB_LUT4_I0_2_LC.I2
Info:                          Defined in:
Info:                               /Users/kenj/Dev/oss-cad-suite/libexec/../share/yosys/ice40/cells_map.v:6.21-6.22
Info:      logic  1.21  13.70 Source xosera_main.blitter.blit_ctrl_transp_SB_LUT4_I0_2_LC.O
Info:    routing  1.76  15.46 Net xosera_main.blitter.blit_ctrl_transp_SB_LUT4_I0_2_O[3] (3,17) -> (2,16)
Info:                          Sink xosera_main.blitter.blit_ctrl_transp_SB_LUT4_I0_2_O_SB_LUT4_I3_LC.I3
Info:                          Defined in:
Info:                               /Users/kenj/Dev/oss-cad-suite/libexec/../share/yosys/ice40/cells_map.v:6.21-6.22
Info:      logic  0.87  16.34 Source xosera_main.blitter.blit_ctrl_transp_SB_LUT4_I0_2_O_SB_LUT4_I3_LC.O
Info:    routing  1.76  18.10 Net xosera_main.vram_arb.vram.umem0_MASKWREN_1_SB_LUT4_O_I3[2] (2,16) -> (1,15)
Info:                          Sink xosera_main.vram_arb.vram.umem0_MASKWREN_1_SB_LUT4_O_LC.I3
Info:                          Defined in:
Info:                               /Users/kenj/Dev/oss-cad-suite/libexec/../share/yosys/ice40/cells_map.v:6.21-6.22
Info:      logic  0.87  18.97 Source xosera_main.vram_arb.vram.umem0_MASKWREN_1_SB_LUT4_O_LC.O
Info:    routing  6.96  25.93 Net xosera_main.vram_arb.vram.umem0_MASKWREN_1 (1,15) -> (25,0)
Info:                          Sink xosera_main.vram_arb.vram.umem3_RAM.MASKWREN_2
Info:      setup  0.10  26.03 Source xosera_main.vram_arb.vram.umem3_RAM.MASKWREN_2
Info: 6.96 ns logic, 19.08 ns routing

Info: Critical path report for cross-domain path '<async>' -> '<async>':
Info:       type curr  total name
Info:     source  0.00  0.00 Source led_green$sb_io.D_IN_0
Info:    routing  3.15  3.15 Net led_green$SB_IO_IN (4,31) -> (8,30)
Info:                          Sink bus_out_ena_SB_LUT4_O_LC.I2
Info:                          Defined in:
Info:                               ./reg_interface.sv:21.33-21.45
Info:      logic  1.21  4.36 Source bus_out_ena_SB_LUT4_O_LC.O
Info:    routing  4.34  8.70 Net bus_out_ena (8,30) -> (17,31)
Info:                          Sink bus_tristate[7].OUTPUT_ENABLE
Info:                          Defined in:
Info:                               upduino/xosera_upd.sv:131.7-131.18
Info: 1.21 ns logic, 7.49 ns routing

Info: Critical path report for cross-domain path '<async>' -> 'posedge pclk':
Info:       type curr  total name
Info:     source  0.00  0.00 Source gpio_27$sb_io.D_IN_0
Info:    routing  4.22  4.22 Net gpio_27$SB_IO_IN (18,31) -> (18,21)
Info:                          Sink xosera_main.reg_interface.bus.reg_num_ff0_SB_DFFSR_Q_DFFLC.I0
Info:                          Defined in:
Info:                               ./reg_interface.sv:22.33-22.46
Info:      setup  1.23  5.46 Source xosera_main.reg_interface.bus.reg_num_ff0_SB_DFFSR_Q_DFFLC.I0
Info: 1.23 ns logic, 4.22 ns routing

Info: Critical path report for cross-domain path 'posedge pclk' -> '<async>':
Info:       type curr  total name
Info:   clk-to-q  1.39  1.39 Source boot_select_r_SB_DFF_Q_DFFLC.O
Info:    routing  8.30  9.69 Net boot_select_r[1] (11,29) -> (25,0)
Info:                          Sink boot.S1
Info:                          Defined in:
Info:                               upduino/xosera_upd.sv:114.13-114.26
Info: 1.39 ns logic, 8.30 ns routing

Info: Max frequency for clock 'pclk': 38.41 MHz (PASS at 33.77 MHz)

Info: Max delay <async>      -> <async>     : 8.70 ns
Info: Max delay <async>      -> posedge pclk: 5.46 ns
Info: Max delay posedge pclk -> <async>     : 9.69 ns

Info: Slack histogram:
Info:  legend: * represents 39 endpoint(s)
Info:          + represents [1,39) endpoint(s)
Info: [  3581,   4724) |+
Info: [  4724,   5867) |***+
Info: [  5867,   7010) |*****+
Info: [  7010,   8153) |******+
Info: [  8153,   9296) |********+
Info: [  9296,  10439) |**********+
Info: [ 10439,  11582) |*******+
Info: [ 11582,  12725) |****+
Info: [ 12725,  13868) |*****+
Info: [ 13868,  15011) |********+
Info: [ 15011,  16154) |***********+
Info: [ 16154,  17297) |*********************+
Info: [ 17297,  18440) |******************+
Info: [ 18440,  19583) |**************+
Info: [ 19583,  20726) |************+
Info: [ 20726,  21869) |************************************************************ 
Info: [ 21869,  23012) |**************+
Info: [ 23012,  24155) |***********************+
Info: [ 24155,  25298) |*****************+
Info: [ 25298,  26441) |**+

Info: Program finished normally.
