Info: Generated random seed: 11717600212522141163
Info: constrained 'led_red' to bel 'X6/Y31/io0'
Info: constrained 'led_green' to bel 'X4/Y31/io0'
Info: constrained 'led_blue' to bel 'X5/Y31/io0'
Info: constrained 'serial_txd' to bel 'X23/Y0/io0'
Info: constrained 'serial_rxd' to bel 'X24/Y0/io0'
Info: constrained 'spi_cs' to bel 'X24/Y0/io1'
Info: constrained 'gpio_23' to bel 'X19/Y31/io0'
Info: constrained 'gpio_25' to bel 'X19/Y31/io1'
Info: constrained 'gpio_26' to bel 'X18/Y31/io0'
Info: constrained 'gpio_27' to bel 'X18/Y31/io1'
Info: constrained 'gpio_32' to bel 'X16/Y31/io0'
Info: constrained 'gpio_35' to bel 'X12/Y31/io1'
Info: constrained 'gpio_31' to bel 'X16/Y31/io1'
Info: constrained 'gpio_37' to bel 'X13/Y31/io0'
Info: constrained 'gpio_34' to bel 'X13/Y31/io1'
Info: constrained 'gpio_43' to bel 'X9/Y31/io0'
Info: constrained 'gpio_36' to bel 'X9/Y31/io1'
Info: constrained 'gpio_42' to bel 'X8/Y31/io0'
Info: constrained 'gpio_38' to bel 'X8/Y31/io1'
Info: constrained 'gpio_28' to bel 'X17/Y31/io0'
Info: constrained 'gpio_20' to bel 'X19/Y0/io1'
Info: constrained 'gpio_10' to bel 'X16/Y0/io0'
Info: constraining clock net 'gpio_20' to 12.00 MHz
Info: constrained 'gpio_12' to bel 'X18/Y0/io0'
Info: constrained 'gpio_21' to bel 'X18/Y0/io1'
Info: constrained 'gpio_13' to bel 'X19/Y0/io0'
Info: constrained 'gpio_19' to bel 'X21/Y0/io1'
Info: constrained 'gpio_18' to bel 'X22/Y0/io1'
Info: constrained 'gpio_11' to bel 'X17/Y0/io0'
Info: constrained 'gpio_9' to bel 'X15/Y0/io0'
Info: constrained 'gpio_6' to bel 'X13/Y0/io1'
Info: constrained 'gpio_44' to bel 'X6/Y0/io1'
Info: constrained 'gpio_4' to bel 'X9/Y0/io0'
Info: constrained 'gpio_3' to bel 'X9/Y0/io1'
Info: constrained 'gpio_48' to bel 'X7/Y0/io0'
Info: constrained 'gpio_45' to bel 'X7/Y0/io1'
Info: constrained 'gpio_47' to bel 'X6/Y0/io0'
Info: constrained 'gpio_46' to bel 'X5/Y0/io0'
Info: constrained 'gpio_2' to bel 'X8/Y0/io0'

Info: Packing constants..
Info: Packing IOs..
Info: gpio_18 feeds SB_IO dv_signals_sbio[3], removing $nextpnr_obuf gpio_18.
Info: gpio_13 feeds SB_IO dv_signals_sbio[11], removing $nextpnr_obuf gpio_13.
Info: gpio_12 feeds SB_IO dv_signals_sbio[12], removing $nextpnr_obuf gpio_12.
Info: gpio_11 feeds SB_IO dv_signals_sbio[10], removing $nextpnr_obuf gpio_11.
Info: gpio_38 feeds SB_IO bus_tristate[6], removing $nextpnr_iobuf gpio_38.
Info: gpio_37 feeds SB_IO bus_tristate[1], removing $nextpnr_iobuf gpio_37.
Info: gpio_36 feeds SB_IO bus_tristate[4], removing $nextpnr_iobuf gpio_36.
Info: gpio_34 feeds SB_IO bus_tristate[2], removing $nextpnr_iobuf gpio_34.
Info: gpio_31 feeds SB_IO bus_tristate[0], removing $nextpnr_iobuf gpio_31.
Info: gpio_28 feeds SB_IO bus_tristate[7], removing $nextpnr_iobuf gpio_28.
Info: gpio_43 feeds SB_IO bus_tristate[3], removing $nextpnr_iobuf gpio_43.
Info: gpio_42 feeds SB_IO bus_tristate[5], removing $nextpnr_iobuf gpio_42.
Info: gpio_9 feeds SB_IO dv_signals_sbio[6], removing $nextpnr_obuf gpio_9.
Info: gpio_6 feeds SB_IO dv_signals_sbio[2], removing $nextpnr_obuf gpio_6.
Info: gpio_48 feeds SB_IO dv_signals_sbio[8], removing $nextpnr_obuf gpio_48.
Info: gpio_47 feeds SB_IO dv_signals_sbio[0], removing $nextpnr_obuf gpio_47.
Info: gpio_46 feeds SB_IO dv_signals_sbio[14], removing $nextpnr_obuf gpio_46.
Info: gpio_45 feeds SB_IO dv_signals_sbio[4], removing $nextpnr_obuf gpio_45.
Info: gpio_44 feeds SB_IO dv_signals_sbio[9], removing $nextpnr_obuf gpio_44.
Info: gpio_4 feeds SB_IO dv_signals_sbio[5], removing $nextpnr_obuf gpio_4.
Info: gpio_3 feeds SB_IO dv_signals_sbio[1], removing $nextpnr_obuf gpio_3.
Info: gpio_21 feeds SB_IO dv_signals_sbio[13], removing $nextpnr_obuf gpio_21.
Info: gpio_2 feeds SB_IO dv_clk_sbio, removing $nextpnr_obuf gpio_2.
Info: gpio_19 feeds SB_IO dv_signals_sbio[7], removing $nextpnr_obuf gpio_19.
Info: Packing LUT-FFs..
Info:     2480 LCs used as LUT4 only
Info:     1256 LCs used as LUT4 and DFF
Info: Packing non-LUT FFs..
Info:     1083 LCs used as DFF only
Info: Packing carries..
Info:       75 LCs used as CARRY only
Info: Packing indirect carry+LUT pairs...
Info:       54 LUTs merged into carry LCs
Info: Packing RAMs..
Info: Placing PLLs..
Info:   constrained PLL 'pll_inst' to X12/Y31/pll_3
Info: Packing special functions..
Info: Packing PLLs..
Info:     Input frequency of PLL 'pll_inst' is constrained to 12.0 MHz
Info:     VCO frequency of PLL 'pll_inst' is constrained to 804.5 MHz
Info:     Derived frequency constraint of 25.1 MHz for net pclk
Info:   PLL 'pll_inst' has LOCK output, need to pass all outputs via LUT
Info:   constrained 'pll_lock_SB_LUT4_I3_LC' to X1/Y30/lc0
Info: Promoting globals..
Info: promoting reconfig_SB_DFFESR_Q_E_SB_LUT4_O_I3[0] [reset] (fanout 1984)
Info: promoting $PACKER_VCC_NET [logic] (fanout 263)
Info: promoting xosera_main.video_gen.pa_bpp[1] [logic] (fanout 111)
Info: promoting xosera_main.video_gen.pb_bpp[1] [logic] (fanout 110)
Info: promoting xosera_main.video_gen.pa_bpp[0] [logic] (fanout 107)
Info: promoting xosera_main.copper.cop_RA_SB_DFFESR_Q_D_SB_LUT4_O_I3_SB_LUT4_O_I3_SB_CARRY_CI_CO_SB_LUT4_I3_O[0] [reset] (fanout 91)
Info: promoting xosera_main.blitter.blit_mod_S_SB_DFFESR_Q_E[3] [cen] (fanout 101)
Info: Constraining chains...
Info:       53 LCs used to legalise carry chains.
Info: Checksum: 0x0b95ec83

Info: Device utilisation:
Info: 	         ICESTORM_LC:    4896/   5280    92%
Info: 	        ICESTORM_RAM:      30/     30   100%
Info: 	               SB_IO:      38/     96    39%
Info: 	               SB_GB:       8/      8   100%
Info: 	        ICESTORM_PLL:       1/      1   100%
Info: 	         SB_WARMBOOT:       1/      1   100%
Info: 	        ICESTORM_DSP:       8/      8   100%
Info: 	      ICESTORM_HFOSC:       0/      1     0%
Info: 	      ICESTORM_LFOSC:       0/      1     0%
Info: 	              SB_I2C:       0/      2     0%
Info: 	              SB_SPI:       0/      2     0%
Info: 	              IO_I3C:       0/      2     0%
Info: 	         SB_LEDDA_IP:       0/      1     0%
Info: 	         SB_RGBA_DRV:       0/      1     0%
Info: 	      ICESTORM_SPRAM:       4/      4   100%

Info: Placed 41 cells based on constraints.
Info: Creating initial analytic placement for 4398 cells, random placement wirelen = 122484.
Info:     at initial placer iter 0, wirelen = 1534
Info:     at initial placer iter 1, wirelen = 1390
Info:     at initial placer iter 2, wirelen = 1346
Info:     at initial placer iter 3, wirelen = 1287
Info: Running main analytical placer, max placement attempts per cell = 3107524.
Info:     at iteration #1, type ALL: wirelen solved = 1333, spread = 48103, legal = 69660; time = 94.69s
Info:     at iteration #2, type ALL: wirelen solved = 2020, spread = 41723, legal = 62238; time = 19.55s
Info:     at iteration #3, type ALL: wirelen solved = 2958, spread = 32282, legal = 54809; time = 8.04s
Info:     at iteration #4, type ALL: wirelen solved = 4427, spread = 30933, legal = 51837; time = 5.08s
Info:     at iteration #5, type ALL: wirelen solved = 5653, spread = 31019, legal = 50906; time = 3.91s
Info:     at iteration #6, type ALL: wirelen solved = 6693, spread = 30928, legal = 50888; time = 4.58s
Info:     at iteration #7, type ALL: wirelen solved = 8456, spread = 29713, legal = 52944; time = 5.11s
Info:     at iteration #8, type ALL: wirelen solved = 9471, spread = 28230, legal = 49976; time = 7.24s
Info:     at iteration #9, type ALL: wirelen solved = 9834, spread = 27889, legal = 49190; time = 4.48s
Info:     at iteration #10, type ALL: wirelen solved = 10394, spread = 27373, legal = 47248; time = 3.12s
Info:     at iteration #11, type ALL: wirelen solved = 10788, spread = 27063, legal = 48999; time = 3.67s
Info:     at iteration #12, type ALL: wirelen solved = 10924, spread = 26992, legal = 48656; time = 4.31s
Info:     at iteration #13, type ALL: wirelen solved = 11576, spread = 26832, legal = 45627; time = 7.24s
Info:     at iteration #14, type ALL: wirelen solved = 12001, spread = 26704, legal = 46985; time = 4.07s
Info:     at iteration #15, type ALL: wirelen solved = 12368, spread = 26536, legal = 47852; time = 5.35s
Info:     at iteration #16, type ALL: wirelen solved = 12690, spread = 26305, legal = 47311; time = 3.61s
Info:     at iteration #17, type ALL: wirelen solved = 12784, spread = 25921, legal = 45951; time = 3.69s
Info:     at iteration #18, type ALL: wirelen solved = 13133, spread = 26472, legal = 48370; time = 3.35s
Info: HeAP Placer Time: 203.11s
Info:   of which solving equations: 23.19s
Info:   of which spreading cells: 1.93s
Info:   of which strict legalisation: 173.37s

Info: Running simulated annealing placer for refinement.
Info:   at iteration #1: temp = 0.000000, timing cost = 1394, wirelen = 45627
Info:   at iteration #5: temp = 0.000000, timing cost = 1804, wirelen = 37019
Info:   at iteration #10: temp = 0.000000, timing cost = 2136, wirelen = 34639
Info:   at iteration #15: temp = 0.000000, timing cost = 2166, wirelen = 33271
Info:   at iteration #20: temp = 0.000000, timing cost = 1961, wirelen = 32296
Info:   at iteration #24: temp = 0.000000, timing cost = 1946, wirelen = 32122 
Info: SA placement time 47.24s

Info: Max frequency for clock 'pclk': 36.35 MHz (PASS at 25.14 MHz)

Info: Max delay <async>      -> <async>     : 7.94 ns
Info: Max delay <async>      -> posedge pclk: 4.67 ns
Info: Max delay posedge pclk -> <async>     : 9.26 ns

Info: Slack histogram:
Info:  legend: * represents 17 endpoint(s)
Info:          + represents [1,17) endpoint(s)
Info: [ 12268,  13492) |*+
Info: [ 13492,  14716) |*****+
Info: [ 14716,  15940) |********+
Info: [ 15940,  17164) |***********+
Info: [ 17164,  18388) |****************+
Info: [ 18388,  19612) |*******************************+
Info: [ 19612,  20836) |*************************************+
Info: [ 20836,  22060) |******************************************+
Info: [ 22060,  23284) |**********************************+
Info: [ 23284,  24508) |***********************************************+
Info: [ 24508,  25732) |*****************************************************+
Info: [ 25732,  26956) |***********************************************+
Info: [ 26956,  28180) |**********************************************+
Info: [ 28180,  29404) |************************************+
Info: [ 29404,  30628) |********************************+
Info: [ 30628,  31852) |*******************+
Info: [ 31852,  33076) |*********************+
Info: [ 33076,  34300) |*************************************+
Info: [ 34300,  35524) |************************************************************ 
Info: [ 35524,  36748) |************+
Info: Checksum: 0x318acf22
Info: Running timing-driven placement optimisation...
Info:    Iteration 0...
Info:    Iteration 1...
Info:    Iteration 2...
Info:    Iteration 3...
Info:    Iteration 4...
Info:    Iteration 5...
Info:    Iteration 6...
Info:    Iteration 7...
Info:    Iteration 8...
Info:    Iteration 9...
Info:    Iteration 10...
Info:    Iteration 11...
Info:    Iteration 12...
Info:    Iteration 13...
Info:    Iteration 14...
Info:    Iteration 15...
Info:    Iteration 16...
Info:    Iteration 17...
Info:    Iteration 18...
Info:    Iteration 19...
Info:    Iteration 20...
Info:    Iteration 21...
Info:    Iteration 22...
Info:    Iteration 23...
Info:    Iteration 24...
Info:    Iteration 25...
Info:    Iteration 26...
Info:    Iteration 27...
Info:    Iteration 28...
Info:    Iteration 29...

Info: Routing..
Info: Setting up routing queue.
Info: Routing 16713 arcs.
Info:            |   (re-)routed arcs  |   delta    | remaining|       time spent     |
Info:    IterCnt |  w/ripup   wo/ripup |  w/r  wo/r |      arcs| batch(sec) total(sec)|
Info:       1000 |       38        961 |   38   961 |     15757|      10.98      10.98|
Info:       2000 |      151       1848 |  113   887 |     14961|       7.25      18.23|
Info:       3000 |      417       2582 |  266   734 |     14401|       7.21      25.44|
Info:       4000 |      698       3301 |  281   719 |     13929|       5.89      31.33|
Info:       5000 |     1059       3940 |  361   639 |     13518|       5.62      36.96|
Info:       6000 |     1427       4572 |  368   632 |     13190|       6.38      43.34|
Info:       7000 |     1808       5191 |  381   619 |     12854|       6.88      50.22|
Info:       8000 |     2215       5784 |  407   593 |     12601|       6.20      56.42|
Info:       9000 |     2636       6363 |  421   579 |     12267|       5.80      62.21|
Info:      10000 |     3102       6897 |  466   534 |     12084|       6.78      68.99|
Info:      11000 |     3629       7370 |  527   473 |     11945|       7.44      76.44|
Info:      12000 |     4069       7930 |  440   560 |     11751|       6.85      83.29|
Info:      13000 |     4545       8454 |  476   524 |     11587|       7.56      90.85|
Info:      14000 |     5043       8956 |  498   502 |     11446|       5.20      96.05|
Info:      15000 |     5550       9449 |  507   493 |     11336|       7.12     103.17|
Info:      16000 |     6111       9888 |  561   439 |     11309|       7.05     110.21|
Info:      17000 |     6629      10370 |  518   482 |     11209|       7.24     117.45|
Info:      18000 |     7139      10860 |  510   490 |     11101|       5.24     122.69|
Info:      19000 |     7653      11346 |  514   486 |     10966|       7.32     130.01|
Info:      20000 |     8186      11813 |  533   467 |     10895|       6.11     136.13|
Info:      21000 |     8772      12227 |  586   414 |     10807|       6.81     142.94|
Info:      22000 |     9288      12711 |  516   484 |     10699|       6.33     149.27|
Info:      23000 |     9833      13166 |  545   455 |     10642|       5.84     155.11|
Info:      24000 |    10377      13622 |  544   456 |     10609|       6.26     161.37|
Info:      25000 |    10930      14069 |  553   447 |     10562|       7.06     168.43|
Info:      26000 |    11472      14525 |  542   456 |     10534|       6.71     175.14|
Info:      27000 |    11998      14999 |  526   474 |     10390|       5.75     180.88|
Info:      28000 |    12590      15407 |  592   408 |     10339|       5.51     186.39|
Info:      29000 |    13133      15864 |  543   457 |     10290|       6.98     193.37|
Info:      30000 |    13650      16347 |  517   483 |     10139|       5.14     198.51|
Info:      31000 |    14207      16790 |  557   443 |     10026|       6.13     204.64|
Info:      32000 |    14771      17226 |  564   436 |     10030|       4.71     209.34|
Info:      33000 |    15385      17612 |  614   386 |      9982|       6.48     215.83|
Info:      34000 |    15950      18047 |  565   435 |      9885|       5.65     221.48|
Info:      35000 |    16521      18476 |  571   429 |      9831|       5.83     227.30|
Info:      36000 |    17074      18923 |  553   447 |      9737|       5.97     233.27|
Info:      37000 |    17695      19302 |  621   379 |      9650|       5.62     238.89|
Info:      38000 |    18263      19734 |  568   432 |      9570|       5.81     244.70|
Info:      39000 |    18811      20186 |  548   452 |      9513|       5.78     250.48|
Info:      40000 |    19394      20603 |  583   417 |      9366|       5.61     256.09|
Info:      41000 |    20017      20980 |  623   377 |      9400|       6.02     262.11|
Info:      42000 |    20669      21328 |  652   348 |      9401|       6.46     268.56|
Info:      43000 |    21307      21690 |  638   362 |      9382|       5.95     274.51|
Info:      44000 |    21931      22065 |  624   375 |      9300|       6.10     280.61|
Info:      45000 |    22469      22527 |  538   462 |      9198|       5.66     286.27|
Info:      46000 |    23085      22911 |  616   384 |      9178|       6.82     293.09|
Info:      47000 |    23674      23319 |  589   408 |      9092|       7.96     301.05|
Info:      48000 |    24244      23749 |  570   430 |      8990|       5.99     307.04|
Info:      49000 |    24798      24195 |  554   446 |      8841|       5.98     313.02|
Info:      50000 |    25394      24599 |  596   404 |      8674|       8.01     321.03|
Info:      51000 |    25932      25061 |  538   462 |      8626|       4.60     325.63|
Info:      52000 |    26543      25450 |  611   389 |      8567|       5.33     330.96|
Info:      53000 |    27158      25835 |  615   385 |      8467|       5.62     336.58|
Info:      54000 |    27772      26221 |  614   386 |      8411|       6.14     342.72|
Info:      55000 |    28414      26579 |  642   358 |      8337|       5.06     347.78|
Info:      56000 |    28939      27054 |  525   475 |      8292|       5.76     353.55|
Info:      57000 |    29528      27457 |  589   403 |      8204|       5.52     359.07|
Info:      58000 |    30080      27905 |  552   448 |      8089|       4.23     363.30|
Info:      59000 |    30696      28289 |  616   384 |      8001|       6.85     370.16|
Info:      60000 |    31368      28617 |  672   328 |      8022|       5.54     375.70|
Info:      61000 |    31928      29036 |  560   419 |      7880|       5.35     381.04|
Info:      62000 |    32483      29481 |  555   445 |      7820|       5.88     386.92|
Info:      63000 |    33149      29815 |  666   334 |      7836|       5.72     392.65|
Info:      64000 |    33709      30255 |  560   440 |      7754|       6.85     399.50|
Info:      65000 |    34297      30667 |  588   412 |      7676|       5.03     404.54|
Info:      66000 |    34942      31022 |  645   355 |      7637|       6.73     411.26|
Info:      67000 |    35616      31341 |  674   319 |      7598|       5.74     417.00|
Info:      68000 |    36153      31790 |  537   449 |      7539|       4.89     421.89|
Info:      69000 |    36735      32206 |  582   416 |      7514|       5.69     427.58|
Info:      70000 |    37281      32660 |  546   454 |      7447|       4.52     432.10|
Info:      71000 |    37888      33053 |  607   393 |      7444|       5.90     438.00|
Info:      72000 |    38532      33409 |  644   356 |      7369|       5.95     443.95|
Info:      73000 |    39084      33844 |  552   435 |      7322|       6.08     450.03|
Info:      74000 |    39701      34200 |  617   356 |      7219|       3.90     453.93|
Info:      75000 |    40347      34552 |  646   352 |      7108|       4.59     458.52|
Info:      76000 |    40894      35005 |  547   453 |      6968|       4.73     463.25|
Info:      77000 |    41477      35421 |  583   416 |      6896|       5.81     469.06|
Info:      78000 |    42075      35823 |  598   402 |      6915|       6.39     475.45|
Info:      79000 |    42653      36232 |  578   409 |      6747|       4.64     480.09|
Info:      80000 |    43284      36601 |  631   369 |      6666|       5.23     485.33|
Info:      81000 |    43954      36915 |  670   314 |      6581|       6.15     491.48|
Info:      82000 |    44527      37342 |  573   427 |      6554|       7.02     498.50|
Info:      83000 |    45177      37686 |  650   344 |      6483|       5.39     503.89|
Info:      84000 |    45799      38064 |  622   378 |      6417|       6.17     510.06|
Info:      85000 |    46384      38469 |  585   405 |      6392|       6.59     516.64|
Info:      86000 |    47059      38794 |  675   325 |      6351|       7.54     524.19|
Info:      87000 |    47643      39209 |  584   415 |      6268|       5.24     529.43|
Info:      88000 |    48334      39518 |  691   309 |      6308|       6.45     535.88|
Info:      89000 |    48914      39938 |  580   420 |      6258|       4.58     540.46|
Info:      90000 |    49525      40325 |  611   387 |      6223|       6.59     547.05|
Info:      91000 |    50137      40713 |  612   388 |      6145|       5.19     552.23|
Info:      92000 |    50734      41114 |  597   401 |      6063|       4.49     556.72|
Info:      93000 |    51385      41463 |  651   349 |      6024|       4.72     561.44|
Info:      94000 |    51972      41864 |  587   401 |      5949|       6.08     567.52|
Info:      95000 |    52568      42268 |  596   404 |      5903|       7.52     575.04|
Info:      96000 |    53235      42601 |  667   333 |      5921|       6.13     581.16|
Info:      97000 |    53912      42924 |  677   323 |      5905|       6.30     587.47|
Info:      98000 |    54532      43295 |  620   371 |      5789|       4.37     591.83|
Info:      99000 |    55118      43700 |  586   405 |      5674|       5.19     597.02|
Info:     100000 |    55770      44048 |  652   348 |      5638|       5.61     602.64|
Info:     101000 |    56431      44387 |  661   339 |      5659|       6.05     608.68|
Info:     102000 |    57010      44808 |  579   421 |      5580|       5.18     613.86|
Info:     103000 |    57667      45151 |  657   343 |      5558|       5.19     619.05|
Info:     104000 |    58355      45463 |  688   312 |      5546|       5.48     624.53|
Info:     105000 |    58985      45830 |  630   367 |      5494|       5.56     630.09|
Info:     106000 |    59618      46197 |  633   367 |      5480|       6.95     637.04|
Info:     107000 |    60207      46595 |  589   398 |      5360|       6.42     643.46|
Info:     108000 |    60864      46928 |  657   333 |      5335|       7.28     650.74|
Info:     109000 |    61445      47340 |  581   412 |      5228|       5.65     656.39|
Info:     110000 |    62153      47632 |  708   292 |      5216|       7.22     663.61|
Info:     111000 |    62821      47951 |  668   319 |      5187|       9.76     673.37|
Info:     112000 |    63503      48269 |  682   318 |      5185|       5.04     678.41|
Info:     113000 |    64162      48610 |  659   341 |      5097|       5.11     683.51|
Info:     114000 |    64803      48969 |  641   359 |      5079|       6.02     689.53|
Info:     115000 |    65467      49305 |  664   336 |      5070|       7.33     696.86|
Info:     116000 |    66126      49646 |  659   341 |      5008|       4.87     701.73|
Info:     117000 |    66752      50015 |  626   369 |      4949|       5.64     707.38|
Info:     118000 |    67392      50375 |  640   360 |      4926|       5.64     713.02|
Info:     119000 |    67916      50850 |  524   475 |      4873|       7.96     720.97|
Info:     120000 |    68537      51216 |  621   366 |      4791|       7.79     728.77|
Info:     121000 |    69112      51636 |  575   420 |      4746|       6.35     735.12|
Info:     122000 |    69789      51947 |  677   311 |      4715|       7.51     742.62|
Info:     123000 |    70449      52287 |  660   340 |      4704|       6.24     748.86|
Info:     124000 |    71171      52564 |  722   277 |      4667|       5.09     753.95|
Info:     125000 |    71820      52899 |  649   335 |      4602|       7.35     761.30|
Info:     126000 |    72415      53301 |  595   402 |      4511|       4.87     766.17|
Info:     127000 |    72996      53716 |  581   415 |      4455|       4.96     771.13|
Info:     128000 |    73671      54015 |  675   299 |      4385|       5.91     777.04|
Info:     129000 |    74378      54308 |  707   293 |      4375|       8.74     785.78|
Info:     130000 |    75143      54543 |  765   235 |      4388|       4.48     790.26|
Info:     131000 |    75876      54810 |  733   267 |      4393|       6.19     796.45|
Info:     132000 |    76510      55169 |  634   359 |      4337|       5.98     802.43|
Info:     133000 |    77227      55446 |  717   277 |      4325|       5.30     807.74|
Info:     134000 |    77900      55768 |  673   322 |      4256|       6.37     814.11|
Info:     135000 |    78475      56190 |  575   422 |      4187|       6.33     820.44|
Info:     136000 |    79053      56608 |  578   418 |      4142|       6.26     826.70|
Info:     137000 |    79678      56983 |  625   375 |      4127|       7.18     833.88|
Info:     138000 |    80343      57318 |  665   335 |      4135|       5.79     839.67|
Info:     139000 |    80942      57718 |  599   400 |      4072|       5.04     844.70|
Info:     140000 |    81619      58041 |  677   323 |      4048|      10.35     855.06|
Info:     141000 |    82235      58416 |  616   375 |      3942|       5.30     860.35|
Info:     142000 |    82845      58806 |  610   390 |      3904|       8.06     868.41|
Info:     143000 |    83531      59120 |  686   314 |      3905|       7.08     875.49|
Info:     144000 |    84170      59481 |  639   361 |      3835|       7.59     883.08|
Info:     145000 |    84849      59795 |  679   314 |      3753|       5.20     888.29|
Info:     146000 |    85521      60121 |  672   326 |      3699|       5.92     894.21|
Info:     147000 |    86202      60440 |  681   319 |      3713|      10.40     904.60|
Info:     148000 |    86897      60745 |  695   305 |      3750|       6.83     911.43|
Info:     149000 |    87545      61097 |  648   352 |      3723|       6.27     917.70|
Info:     150000 |    88256      61384 |  711   287 |      3669|       6.31     924.01|
Info:     151000 |    88933      61707 |  677   323 |      3658|       6.91     930.92|
Info:     152000 |    89593      62047 |  660   340 |      3628|       5.03     935.95|
Info:     153000 |    90280      62360 |  687   313 |      3621|       4.82     940.77|
Info:     154000 |    90957      62683 |  677   323 |      3601|       7.73     948.50|
Info:     155000 |    91611      63016 |  654   333 |      3584|       9.35     957.84|
Info:     156000 |    92307      63320 |  696   304 |      3475|       4.94     962.78|
Info:     157000 |    92954      63671 |  647   351 |      3481|       6.02     968.81|
Info:     158000 |    93522      64103 |  568   432 |      3418|       6.31     975.11|
Info:     159000 |    94233      64392 |  711   289 |      3389|      11.85     986.97|
Info:     160000 |    94958      64667 |  725   275 |      3345|       6.45     993.42|
Info:     161000 |    95622      64993 |  664   326 |      3254|       6.03     999.45|
Info:     162000 |    96193      65422 |  571   429 |      3186|       4.64    1004.09|
Info:     163000 |    96824      65791 |  631   369 |      3165|       6.99    1011.08|
Info:     164000 |    97523      66090 |  699   299 |      3126|       7.02    1018.10|
Info:     165000 |    98180      66432 |  657   342 |      3049|       4.82    1022.93|
Info:     166000 |    98888      66724 |  708   292 |      3017|       5.50    1028.43|
Info:     167000 |    99622      66990 |  734   266 |      2992|       6.26    1034.69|
Info:     168000 |   100263      67349 |  641   359 |      2927|       5.53    1040.22|
Info:     169000 |   100922      67690 |  659   341 |      2943|       7.17    1047.39|
Info:     170000 |   101648      67964 |  726   274 |      2939|       5.98    1053.37|
Info:     171000 |   102315      68297 |  667   333 |      2945|      10.45    1063.82|
Info:     172000 |   102964      68648 |  649   351 |      2934|       9.65    1073.47|
Info:     173000 |   103711      68901 |  747   253 |      2978|       5.81    1079.29|
Info:     174000 |   104417      69195 |  706   294 |      2928|       7.04    1086.33|
Info:     175000 |   105072      69539 |  655   344 |      2905|       8.34    1094.67|
Info:     176000 |   105687      69924 |  615   385 |      2872|       6.68    1101.35|
Info:     177000 |   106293      70309 |  606   385 |      2805|       5.74    1107.09|
Info:     178000 |   106888      70714 |  595   405 |      2762|      11.21    1118.30|
Info:     179000 |   107547      71055 |  659   341 |      2748|       4.88    1123.18|
Info:     180000 |   108185      71417 |  638   362 |      2685|       5.44    1128.63|
Info:     181000 |   108810      71788 |  625   371 |      2648|       6.80    1135.43|
Info:     182000 |   109495      72103 |  685   315 |      2645|       9.07    1144.50|
Info:     183000 |   110210      72388 |  715   285 |      2663|       8.73    1153.23|
Info:     184000 |   110877      72721 |  667   333 |      2607|       6.30    1159.53|
Info:     185000 |   111536      73062 |  659   341 |      2589|       5.33    1164.86|
Info:     186000 |   112298      73300 |  762   238 |      2525|       6.64    1171.50|
Info:     187000 |   113023      73575 |  725   275 |      2529|       5.30    1176.80|
Info:     188000 |   113701      73897 |  678   322 |      2502|       5.99    1182.79|
Info:     189000 |   114362      74236 |  661   339 |      2475|       5.63    1188.42|
Info:     190000 |   114981      74610 |  619   374 |      2424|       4.88    1193.29|
Info:     191000 |   115661      74930 |  680   320 |      2411|       6.86    1200.15|
Info:     192000 |   116388      75203 |  727   273 |      2363|       5.18    1205.33|
Info:     193000 |   117023      75568 |  635   365 |      2340|       9.19    1214.52|
Info:     194000 |   117693      75898 |  670   330 |      2344|      11.04    1225.56|
Info:     195000 |   118309      76282 |  616   384 |      2302|       7.49    1233.05|
Info:     196000 |   118985      76606 |  676   324 |      2258|       4.61    1237.66|
Info:     197000 |   119658      76933 |  673   327 |      2285|       9.03    1246.69|
Info:     198000 |   120323      77268 |  665   335 |      2240|       7.61    1254.30|
Info:     199000 |   121006      77585 |  683   317 |      2239|       4.42    1258.73|
Info:     200000 |   121698      77893 |  692   308 |      2227|       6.78    1265.51|
Info:     201000 |   122358      78233 |  660   340 |      2260|       9.89    1275.40|
Info:     202000 |   123065      78526 |  707   293 |      2223|       7.03    1282.43|
Info:     203000 |   123788      78803 |  723   277 |      2210|       6.85    1289.28|
Info:     204000 |   124459      79132 |  671   329 |      2266|       9.46    1298.73|
Info:     205000 |   125127      79464 |  668   332 |      2249|       6.22    1304.96|
Info:     206000 |   125789      79802 |  662   338 |      2237|       5.61    1310.57|
Info:     207000 |   126427      80164 |  638   362 |      2238|       5.66    1316.23|
Info:     208000 |   127166      80425 |  739   261 |      2241|       5.76    1321.98|
Info:     209000 |   127790      80801 |  624   376 |      2207|       5.69    1327.68|
Info:     210000 |   128435      81156 |  645   355 |      2176|       5.88    1333.55|
Info:     211000 |   129102      81489 |  667   333 |      2182|       7.41    1340.96|
Info:     212000 |   129802      81789 |  700   300 |      2163|       5.96    1346.92|
Info:     213000 |   130433      82140 |  631   351 |      2139|       5.20    1352.12|
Info:     214000 |   131062      82511 |  629   371 |      2124|       3.75    1355.87|
Info:     215000 |   131636      82935 |  574   424 |      2095|       4.36    1360.23|
Info:     216000 |   132374      83197 |  738   262 |      2135|       9.80    1370.03|
Info:     217000 |   132996      83575 |  622   378 |      2108|       5.94    1375.97|
Info:     218000 |   133619      83951 |  623   376 |      1982|       5.28    1381.26|
Info:     219000 |   134241      84329 |  622   378 |      1933|       5.48    1386.74|
Info:     220000 |   134882      84688 |  641   359 |      1863|       7.20    1393.93|
Info:     221000 |   135558      85012 |  676   324 |      1801|       4.64    1398.57|
Info:     222000 |   136137      85420 |  579   408 |      1651|       3.15    1401.72|
Info:     223000 |   136773      85783 |  636   363 |      1567|       6.02    1407.73|
Info:     224000 |   137362      86183 |  589   400 |      1430|       4.38    1412.11|
Info:     225000 |   138071      86474 |  709   291 |      1323|       4.37    1416.48|
Info:     226000 |   138733      86812 |  662   338 |      1349|       7.06    1423.54|
Info:     227000 |   139349      87196 |  616   384 |      1328|       5.18    1428.72|
Info:     228000 |   139943      87602 |  594   406 |      1037|       2.34    1431.06|
Info:     229000 |   140708      87837 |  765   235 |      1052|       4.79    1435.85|
Info:     230000 |   141493      88052 |  785   215 |      1086|       8.15    1444.00|
Info:     231000 |   142245      88300 |  752   248 |      1067|       9.06    1453.06|
Info:     232000 |   142976      88569 |  731   269 |      1049|       9.56    1462.63|
Info:     233000 |   143332      89213 |  356   644 |       534|       6.89    1469.52|
Info:     234000 |   143795      89750 |  463   537 |       189|       8.01    1477.53|
Info:     235000 |   144403      90142 |  608   392 |        48|       8.43    1485.96|
Info:     235311 |   144563      90294 |  160   152 |         0|       1.96    1487.92|
Info: Routing complete.
Info: Router1 time 1487.92s
Info: Checksum: 0x28a0d562

Info: Critical path report for clock 'pclk' (posedge -> posedge):
Info:       type curr  total name
Info:   clk-to-q  1.39  1.39 Source xosera_main.copper.h_count_i_SB_DFFSR_Q_D_SB_LUT4_O_LC.O
Info:    routing  4.90  6.29 Net xosera_main.video_h_count[9] (20,17) -> (22,2)
Info:                          Sink xosera_main.video_gen.pa_blank_SB_LUT4_I3_O_SB_LUT4_O_2_LC.I2
Info:                          Defined in:
Info:                               ./xosera_main.sv:128.25-128.38
Info:      logic  1.21  7.49 Source xosera_main.video_gen.pa_blank_SB_LUT4_I3_O_SB_LUT4_O_2_LC.O
Info:    routing  2.95  10.44 Net xosera_main.video_gen.pa_blank_SB_LUT4_I3_O[3] (22,2) -> (20,4)
Info:                          Sink xosera_main.video_gen.pa_blank_SB_LUT4_I3_O_SB_LUT4_I0_LC.I3
Info:                          Defined in:
Info:                               /Users/kenj/Dev/oss-cad-suite/libexec/../share/yosys/ice40/cells_map.v:6.21-6.22
Info:      logic  0.87  11.32 Source xosera_main.video_gen.pa_blank_SB_LUT4_I3_O_SB_LUT4_I0_LC.O
Info:    routing  2.85  14.16 Net xosera_main.video_gen.pa_blank_SB_LUT4_I3_O_SB_LUT4_I0_O[0] (20,4) -> (13,4)
Info:                          Sink xosera_main.video_gen.pa_blank_SB_LUT4_I3_O_SB_LUT4_I0_O_SB_LUT4_I2_LC.I2
Info:                          Defined in:
Info:                               /Users/kenj/Dev/oss-cad-suite/libexec/../share/yosys/ice40/cells_map.v:6.21-6.22
Info:      logic  1.21  15.37 Source xosera_main.video_gen.pa_blank_SB_LUT4_I3_O_SB_LUT4_I0_O_SB_LUT4_I2_LC.O
Info:    routing  1.76  17.13 Net xosera_main.video_gen.video_pf_a.pf_pixels_SB_DFFESR_Q_2_D_SB_LUT4_O_I2_SB_LUT4_O_1_I2[1] (13,4) -> (14,4)
Info:                          Sink xosera_main.video_gen.video_pf_a.pf_tile_x_SB_DFFESR_Q_R_SB_LUT4_O_LC.I3
Info:                          Defined in:
Info:                               /Users/kenj/Dev/oss-cad-suite/libexec/../share/yosys/ice40/cells_map.v:6.21-6.22
Info:      logic  0.87  18.00 Source xosera_main.video_gen.video_pf_a.pf_tile_x_SB_DFFESR_Q_R_SB_LUT4_O_LC.O
Info:    routing  2.95  20.96 Net xosera_main.video_gen.video_pf_a.pf_tile_x_SB_DFFESR_Q_R[2] (14,4) -> (10,2)
Info:                          Sink xosera_main.video_gen.video_pf_a.pf_h_count_SB_DFFESR_Q_E_SB_LUT4_O_LC.I3
Info:                          Defined in:
Info:                               /Users/kenj/Dev/oss-cad-suite/libexec/../share/yosys/ice40/cells_map.v:6.21-6.22
Info:      logic  0.87  21.83 Source xosera_main.video_gen.video_pf_a.pf_h_count_SB_DFFESR_Q_E_SB_LUT4_O_LC.O
Info:    routing  2.99  24.82 Net xosera_main.video_gen.video_pf_a.pf_h_count_SB_DFFESR_Q_E (10,2) -> (9,1)
Info:                          Sink xosera_main.video_gen.video_pf_a.pf_h_count_SB_DFFESR_Q_1_D_SB_LUT4_O_LC.CEN
Info:      setup  0.10  24.92 Source xosera_main.video_gen.video_pf_a.pf_h_count_SB_DFFESR_Q_1_D_SB_LUT4_O_LC.CEN
Info: 6.52 ns logic, 18.40 ns routing

Info: Critical path report for cross-domain path '<async>' -> '<async>':
Info:       type curr  total name
Info:     source  0.00  0.00 Source led_green$sb_io.D_IN_0
Info:    routing  3.15  3.15 Net led_green$SB_IO_IN (4,31) -> (7,30)
Info:                          Sink bus_out_ena_SB_LUT4_O_LC.I2
Info:                          Defined in:
Info:                               ./reg_interface.sv:21.33-21.45
Info:      logic  1.21  4.36 Source bus_out_ena_SB_LUT4_O_LC.O
Info:    routing  4.14  8.50 Net bus_out_ena (7,30) -> (17,31)
Info:                          Sink bus_tristate[7].OUTPUT_ENABLE
Info:                          Defined in:
Info:                               upduino/xosera_upd.sv:131.7-131.18
Info: 1.21 ns logic, 7.29 ns routing

Info: Critical path report for cross-domain path '<async>' -> 'posedge pclk':
Info:       type curr  total name
Info:     source  0.00  0.00 Source led_green$sb_io.D_IN_0
Info:    routing  3.89  3.89 Net led_green$SB_IO_IN (4,31) -> (11,30)
Info:                          Sink xosera_main.reg_interface.bus.rd_nwr_ff0_SB_DFFSR_Q_DFFLC.I0
Info:                          Defined in:
Info:                               ./reg_interface.sv:21.33-21.45
Info:      setup  1.23  5.12 Source xosera_main.reg_interface.bus.rd_nwr_ff0_SB_DFFSR_Q_DFFLC.I0
Info: 1.23 ns logic, 3.89 ns routing

Info: Critical path report for cross-domain path 'posedge pclk' -> '<async>':
Info:       type curr  total name
Info:   clk-to-q  1.39  1.39 Source reconfig_r_SB_DFF_Q_DFFLC.O
Info:    routing  8.75  10.14 Net reconfig_r (13,26) -> (25,0)
Info:                          Sink boot.BOOT
Info:                          Defined in:
Info:                               upduino/xosera_upd.sv:112.13-112.23
Info: 1.39 ns logic, 8.75 ns routing

Info: Max frequency for clock 'pclk': 40.13 MHz (PASS at 25.14 MHz)

Info: Max delay <async>      -> <async>     : 8.50 ns
Info: Max delay <async>      -> posedge pclk: 5.12 ns
Info: Max delay posedge pclk -> <async>     : 10.14 ns

Info: Slack histogram:
Info:  legend: * represents 40 endpoint(s)
Info:          + represents [1,40) endpoint(s)
Info: [ 14855,  15944) |***+
Info: [ 15944,  17033) |****+
Info: [ 17033,  18122) |********+
Info: [ 18122,  19211) |***********+
Info: [ 19211,  20300) |********+
Info: [ 20300,  21389) |********+
Info: [ 21389,  22478) |*****+
Info: [ 22478,  23567) |****+
Info: [ 23567,  24656) |****+
Info: [ 24656,  25745) |*******+
Info: [ 25745,  26834) |****************+
Info: [ 26834,  27923) |********************+
Info: [ 27923,  29012) |*****************+
Info: [ 29012,  30101) |************+
Info: [ 30101,  31190) |********+
Info: [ 31190,  32279) |************************************************************ 
Info: [ 32279,  33368) |************+
Info: [ 33368,  34457) |**********************+
Info: [ 34457,  35546) |**************+
Info: [ 35546,  36635) |*+

Info: Program finished normally.
